<?xml version="1.0" encoding="UTF-8"?>
<testsuite xmlns:xsi="http://www.w3.org/2001/XMLSchema-instance" xsi:noNamespaceSchemaLocation="https://maven.apache.org/surefire/maven-surefire-plugin/xsd/surefire-test-report-3.0.xsd" version="3.0" name="br.ufrn.dimap.communication.udp.UDPCommunicationStrategyTest" time="1.976" tests="5" errors="0" skipped="0" failures="0">
  <properties>
[...]
</properties>
  <testcase name="testServerStartStop" classname="br.ufrn.dimap.communication.udp.UDPCommunicationStrategyTest" time="0.387">
    <system-out><![CDATA[15:59:12.147 [pool-2-thread-1] INFO  [b.u.d.c.udp.UDPCommunicationStrategy] - Iniciando escuta de mensagens UDP na porta 9999
15:59:12.147 [main] INFO  [b.u.d.c.udp.UDPCommunicationStrategy] - Servidor UDP iniciado na porta 9999
15:59:12.152 [pool-2-thread-1] INFO  [b.u.d.c.udp.UDPCommunicationStrategy] - Parou de escutar mensagens UDP
15:59:12.152 [main] INFO  [b.u.d.c.udp.UDPCommunicationStrategy] - Servidor UDP parado (porta 9999)
]]></system-out>
  </testcase>
  <testcase name="testMessageSendReceive" classname="br.ufrn.dimap.communication.udp.UDPCommunicationStrategyTest" time="0.189">
    <system-out><![CDATA[15:59:12.173 [main] INFO  [b.u.d.c.udp.UDPCommunicationStrategy] - Servidor UDP iniciado na porta 9999
15:59:12.173 [pool-3-thread-1] INFO  [b.u.d.c.udp.UDPCommunicationStrategy] - Iniciando escuta de mensagens UDP na porta 9999
15:59:12.357 [pool-3-thread-1] INFO  [b.u.d.c.udp.UDPCommunicationStrategy] - Parou de escutar mensagens UDP
15:59:12.357 [main] INFO  [b.u.d.c.udp.UDPCommunicationStrategy] - Servidor UDP parado (porta 9999)
]]></system-out>
  </testcase>
  <testcase name="testMultipleMessagesHandling" classname="br.ufrn.dimap.communication.udp.UDPCommunicationStrategyTest" time="0.112">
    <system-out><![CDATA[15:59:12.361 [main] INFO  [b.u.d.c.udp.UDPCommunicationStrategy] - Servidor UDP iniciado na porta 9999
15:59:12.361 [pool-4-thread-1] INFO  [b.u.d.c.udp.UDPCommunicationStrategy] - Iniciando escuta de mensagens UDP na porta 9999
15:59:12.471 [pool-4-thread-1] INFO  [b.u.d.c.udp.UDPCommunicationStrategy] - Parou de escutar mensagens UDP
15:59:12.471 [main] INFO  [b.u.d.c.udp.UDPCommunicationStrategy] - Servidor UDP parado (porta 9999)
]]></system-out>
  </testcase>
  <testcase name="testProtocolName" classname="br.ufrn.dimap.communication.udp.UDPCommunicationStrategyTest" time="0.001"/>
  <testcase name="testSendToInvalidHost" classname="br.ufrn.dimap.communication.udp.UDPCommunicationStrategyTest" time="1.266">
    <system-out><![CDATA[15:59:13.739 [main] ERROR [b.u.d.c.udp.UDPCommunicationStrategy] - Erro ao enviar mensagem UDP para invalid-host-xyz:9999 - Este host não é conhecido (invalid-host-xyz)
]]></system-out>
  </testcase>
</testsuite>